0 info it worked if it ends with ok
1 verbose cli [ 'C:\\Program Files\\nodejs\\node.exe',
1 verbose cli   'C:\\Program Files\\nodejs\\node_modules\\npm\\bin\\npm-cli.js',
1 verbose cli   'run',
1 verbose cli   'compile' ]
2 info using npm@3.10.10
3 info using node@v6.11.2
4 verbose run-script [ 'precompile', 'compile', 'postcompile' ]
5 info lifecycle tibia-idle-webservice@1.0.0~precompile: tibia-idle-webservice@1.0.0
6 silly lifecycle tibia-idle-webservice@1.0.0~precompile: no script for precompile, continuing
7 info lifecycle tibia-idle-webservice@1.0.0~compile: tibia-idle-webservice@1.0.0
8 verbose lifecycle tibia-idle-webservice@1.0.0~compile: unsafe-perm in lifecycle true
9 verbose lifecycle tibia-idle-webservice@1.0.0~compile: PATH: C:\Users\Vinicius\AppData\Roaming\nvm\v6.11.2\node_modules\npm\bin\node-gyp-bin;C:\Users\Vinicius\tibia-idle-webservice\node_modules\.bin;C:\Users\Vinicius\AppData\Roaming\nvm\v6.11.2\node_modules\npm\bin\node-gyp-bin;C:\Users\Vinicius\tibia-idle-webservice\node_modules\.bin;C:\Windows\system32;C:\Windows;C:\Windows\System32\Wbem;C:\Windows\System32\WindowsPowerShell\v1.0\;C:\Windows\System32\OpenSSH\;C:\Program Files (x86)\NVIDIA Corporation\PhysX\Common;C:\Program Files\Microsoft VS Code\bin;C:\Program Files\Git\cmd;C:\Users\Vinicius\AppData\Roaming\nvm;C:\Program Files\nodejs;;C:\Users\Vinicius\AppData\Local\Microsoft\WindowsApps;C:\Users\Vinicius\AppData\Roaming\nvm;C:\Program Files\nodejs
10 verbose lifecycle tibia-idle-webservice@1.0.0~compile: CWD: C:\Users\Vinicius\tibia-idle-webservice
11 silly lifecycle tibia-idle-webservice@1.0.0~compile: Args: [ '/d /s /c', 'npm run build && npm run start' ]
12 silly lifecycle tibia-idle-webservice@1.0.0~compile: Returned: code: 3221225786  signal: null
13 info lifecycle tibia-idle-webservice@1.0.0~compile: Failed to exec compile script
14 verbose stack Error: tibia-idle-webservice@1.0.0 compile: `npm run build && npm run start`
14 verbose stack Exit status 3221225786
14 verbose stack     at EventEmitter.<anonymous> (C:\Users\Vinicius\AppData\Roaming\nvm\v6.11.2\node_modules\npm\lib\utils\lifecycle.js:255:16)
14 verbose stack     at emitTwo (events.js:106:13)
14 verbose stack     at EventEmitter.emit (events.js:191:7)
14 verbose stack     at ChildProcess.<anonymous> (C:\Users\Vinicius\AppData\Roaming\nvm\v6.11.2\node_modules\npm\lib\utils\spawn.js:40:14)
14 verbose stack     at emitTwo (events.js:106:13)
14 verbose stack     at ChildProcess.emit (events.js:191:7)
14 verbose stack     at maybeClose (internal/child_process.js:891:16)
14 verbose stack     at Process.ChildProcess._handle.onexit (internal/child_process.js:226:5)
15 verbose pkgid tibia-idle-webservice@1.0.0
16 verbose cwd C:\Users\Vinicius\tibia-idle-webservice
17 error Windows_NT 10.0.17134
18 error argv "C:\\Program Files\\nodejs\\node.exe" "C:\\Program Files\\nodejs\\node_modules\\npm\\bin\\npm-cli.js" "run" "compile"
19 error node v6.11.2
20 error npm  v3.10.10
21 error code ELIFECYCLE
22 error tibia-idle-webservice@1.0.0 compile: `npm run build && npm run start`
22 error Exit status 3221225786
23 error Failed at the tibia-idle-webservice@1.0.0 compile script 'npm run build && npm run start'.
23 error Make sure you have the latest version of node.js and npm installed.
23 error If you do, this is most likely a problem with the tibia-idle-webservice package,
23 error not with npm itself.
23 error Tell the author that this fails on your system:
23 error     npm run build && npm run start
23 error You can get information on how to open an issue for this project with:
23 error     npm bugs tibia-idle-webservice
23 error Or if that isn't available, you can get their info via:
23 error     npm owner ls tibia-idle-webservice
23 error There is likely additional logging output above.
24 verbose exit [ 1, true ]
